{"level":"info","message":"INFO! loggerMiddleware is running","timestamp":"2023-03-31T08:57:57.847Z"}
{"level":"info","message":"INFO! loggerMiddleware is running","timestamp":"2023-03-31T08:58:05.837Z"}
{"level":"error","message":"Password is required","timestamp":"2023-03-31T08:58:05.840Z"}
{"level":"info","message":"","timestamp":"2023-03-31T08:58:36.798Z"}
{"level":"error","message":"Password is required","timestamp":"2023-03-31T08:58:36.803Z"}
{"level":"info","message":"","timestamp":"2023-03-31T08:58:42.930Z"}
{"level":"info","timestamp":"2023-03-31T08:58:57.536Z"}
{"level":"info","message":"/user/login","timestamp":"2023-03-31T09:00:17.150Z"}
{"level":"info","message":"/user/loginPOST[object Object]","timestamp":"2023-03-31T09:00:31.149Z"}
{"level":"info","message":"/user/loginPOST[object Object]","timestamp":"2023-03-31T09:00:41.662Z"}
{"level":"info","message":"/user/login","timestamp":"2023-03-31T09:00:55.538Z"}
{"level":"error","message":"Unexpected token a in JSON at position 53","timestamp":"2023-03-31T09:01:04.788Z"}
{"level":"info","message":"/user/login","timestamp":"2023-03-31T09:06:12.467Z"}
{"level":"error","message":"Unexpected token s in JSON at position 28","timestamp":"2023-03-31T09:06:15.778Z"}
{"level":"info","message":"/user/login","timestamp":"2023-03-31T09:07:02.638Z"}
{"level":"error","message":"Unexpected token c in JSON at position 50","timestamp":"2023-03-31T09:07:05.031Z"}
{"level":"info","message":"/user/login","timestamp":"2023-03-31T09:07:07.752Z"}
{"level":"error","message":"Unexpected token v in JSON at position 50","timestamp":"2023-03-31T09:17:17.301Z"}
{"level":"error","message":"Unexpected token v in JSON at position 50","timestamp":"2023-03-31T09:19:19.893Z"}
{"level":"error","message":"Unexpected token v in JSON at position 50","timestamp":"2023-03-31T09:19:37.814Z"}
{"level":"error","message":"Unexpected token v in JSON at position 50","timestamp":"2023-03-31T09:20:26.335Z"}
{"level":"error","message":"Unexpected token v in JSON at position 50","timestamp":"2023-03-31T09:20:45.769Z"}
{"level":"error","message":"Unexpected token v in JSON at position 50","timestamp":"2023-03-31T09:21:16.864Z"}
{"level":"error","message":"Unexpected token v in JSON at position 50","timestamp":"2023-03-31T09:22:29.484Z"}
{"level":"info","message":"/user/loginf","timestamp":"2023-03-31T09:22:35.511Z"}
{"level":"error","message":"Not Founded","timestamp":"2023-03-31T09:22:35.512Z"}
{"level":"info","message":"/user/loginf","timestamp":"2023-03-31T09:22:48.992Z"}
{"level":"error","message":"Not Founded","timestamp":"2023-03-31T09:22:48.994Z"}
{"level":"info","message":"/user/loginf","timestamp":"2023-03-31T09:24:20.249Z"}
{"level":"info","message":"/user/loginf","timestamp":"2023-03-31T09:25:15.944Z"}
{"level":"info","message":"/user/loginf","timestamp":"2023-03-31T09:27:22.567Z"}
{"level":"error","message":"Not Founded","timestamp":"2023-03-31T09:27:22.569Z"}
{"level":"info","message":"/user/loginf","timestamp":"2023-03-31T09:28:52.129Z"}
{"level":"error","message":"Not Founded","timestamp":"2023-03-31T09:28:52.131Z"}
{"level":"info","message":"/user/loginf","timestamp":"2023-03-31T09:29:26.976Z"}
{"level":"error","message":"Not Founded","timestamp":"2023-03-31T09:29:26.977Z"}
{"level":"info","message":"/user/loginf","timestamp":"2023-03-31T09:29:42.925Z"}
{"level":"error","message":"Not Founded","timestamp":"2023-03-31T09:29:42.926Z"}
{"level":"info","message":"/user/loginf","timestamp":"2023-03-31T09:31:24.907Z"}
{"level":"error","message":"Not Founded","timestamp":"2023-03-31T09:31:24.908Z"}
{"level":"error","message":"Unexpected token f in JSON at position 28","timestamp":"2023-03-31T09:31:41.236Z"}
{"level":"error","message":"Unexpected token f in JSON at position 28","timestamp":"2023-03-31T09:31:53.551Z"}
{"level":"info","message":"/user/loginf","timestamp":"2023-03-31T09:31:57.785Z"}
{"level":"error","message":"Not Founded","timestamp":"2023-03-31T09:31:57.786Z"}
{"level":"info","message":"/user/login","timestamp":"2023-03-31T09:32:01.389Z"}
{"level":"info","message":"/user/login","timestamp":"2023-03-31T09:32:04.978Z"}
{"level":"error","message":"Password is required","timestamp":"2023-03-31T09:32:04.983Z"}
{"level":"info","message":"/user/login","timestamp":"2023-03-31T09:32:45.860Z"}
{"level":"error","message":"Password is required","timestamp":"2023-03-31T09:32:45.863Z"}
{"level":"info","message":"/user/login","timestamp":"2023-03-31T09:33:00.532Z"}
{"level":"error","message":"Password is required","timestamp":"2023-03-31T09:33:00.533Z"}
{"level":"info","message":"/user/login","timestamp":"2023-03-31T09:33:10.899Z"}
{"level":"error","message":"User not found","timestamp":"2023-03-31T09:33:11.150Z"}
{"level":"info","message":"/user/loging","timestamp":"2023-03-31T09:33:31.709Z"}
{"level":"error","message":"Not Founded","timestamp":"2023-03-31T09:33:31.710Z"}
{"level":"info","message":"/user/loging","timestamp":"2023-03-31T09:34:13.274Z"}
{"level":"error","message":"Not Founded","timestamp":"2023-03-31T09:34:13.276Z"}
{"level":"info","message":"/user/login","timestamp":"2023-03-31T09:34:29.500Z"}
{"level":"error","message":"User not found","timestamp":"2023-03-31T09:34:29.748Z"}
{"level":"error","message":"Unexpected token } in JSON at position 50","timestamp":"2023-03-31T09:34:53.255Z"}
{"level":"info","message":"/user/loginl","timestamp":"2023-03-31T09:36:00.443Z"}
{"level":"error","message":"Not Founded","timestamp":"2023-03-31T09:36:00.445Z"}
{"level":"info","message":"/user/loginl","timestamp":"2023-03-31T09:36:18.835Z"}
{"level":"error","message":"Not Founded","timestamp":"2023-03-31T09:36:18.835Z"}
{"level":"info","message":"/user/loginl","timestamp":"2023-03-31T09:36:19.705Z"}
{"level":"error","message":"Not Founded","timestamp":"2023-03-31T09:36:19.707Z"}
{"level":"info","message":"/user/loginl","timestamp":"2023-03-31T09:37:31.417Z"}
{"level":"error","message":"Not Founded","timestamp":"2023-03-31T09:37:31.419Z"}
{"level":"info","message":"/user/loginl","timestamp":"2023-03-31T09:40:34.584Z"}
{"level":"error","message":"Not Found","timestamp":"2023-03-31T09:40:34.586Z"}
{"level":"info","message":"/user/loginl","timestamp":"2023-03-31T09:40:43.138Z"}
{"level":"error","message":"Not Found","timestamp":"2023-03-31T09:40:43.140Z"}
{"level":"info","message":"/user/loginl","timestamp":"2023-03-31T09:40:46.721Z"}
{"level":"error","message":"Not Found!","timestamp":"2023-03-31T09:40:46.721Z"}
{"level":"error","message":"Unexpected number in JSON at position 48","timestamp":"2023-03-31T09:40:50.926Z"}
{"level":"info","message":"/user/loginl","timestamp":"2023-03-31T09:40:54.598Z"}
{"level":"error","message":"Not Found!","timestamp":"2023-03-31T09:40:54.599Z"}
{"level":"info","message":"/user/loginl","timestamp":"2023-03-31T09:41:10.437Z"}
{"level":"error","message":"Not Found!","timestamp":"2023-03-31T09:41:10.439Z"}
{"level":"info","message":"/user/loginl","timestamp":"2023-03-31T09:41:11.460Z"}
{"level":"error","message":"Not Found!","timestamp":"2023-03-31T09:41:11.462Z"}
{"level":"info","message":"/user/loginl","timestamp":"2023-03-31T09:41:23.181Z"}
{"level":"error","message":"Not Found!","timestamp":"2023-03-31T09:41:23.183Z"}
{"level":"error","message":"Unexpected token d in JSON at position 50","timestamp":"2023-03-31T09:41:30.735Z"}
{"level":"info","message":"/user/loginl","timestamp":"2023-03-31T09:41:34.755Z"}
{"level":"error","message":"Not Found!","timestamp":"2023-03-31T09:41:34.756Z"}
{"level":"info","message":"/user/loginl","timestamp":"2023-03-31T09:42:13.695Z"}
{"level":"error","message":"Not Found!","timestamp":"2023-03-31T09:42:13.696Z"}
{"level":"info","message":"/user/loginl","timestamp":"2023-03-31T09:42:15.840Z"}
{"level":"error","message":"Not Found!","timestamp":"2023-03-31T09:42:15.842Z"}
{"level":"info","message":"/user/loginl","timestamp":"2023-03-31T09:42:44.752Z"}
{"level":"error","message":"Not Found!","timestamp":"2023-03-31T09:42:44.753Z"}
{"level":"info","message":"/user/loginl","timestamp":"2023-03-31T09:49:08.199Z"}
{"level":"error","message":"Not Found!","timestamp":"2023-03-31T09:49:08.200Z"}
{"level":"info","message":"/user/loginl","timestamp":"2023-03-31T09:49:34.366Z"}
{"level":"error","message":"Notss Found!","timestamp":"2023-03-31T09:49:34.367Z"}
{"level":"info","message":"/user/loginl","timestamp":"2023-03-31T09:51:13.432Z"}
{"level":"info","message":"/user/login","timestamp":"2023-03-31T09:51:22.290Z"}
{"level":"error","message":"404","timestamp":"2023-03-31T09:51:22.434Z"}
{"level":"info","message":"/user/login","timestamp":"2023-03-31T09:51:34.652Z"}
{"level":"error","message":"404","timestamp":"2023-03-31T09:51:34.789Z"}
{"level":"info","message":"/user/login","timestamp":"2023-03-31T09:52:56.249Z"}
{"level":"info","message":"/user/login","timestamp":"2023-03-31T09:53:20.605Z"}
{"level":"info","message":"/user/login","timestamp":"2023-03-31T09:53:39.296Z"}
{"level":"info","message":"/user/login","timestamp":"2023-03-31T09:54:16.822Z"}
{"level":"error","message":"404","timestamp":"2023-03-31T09:54:16.968Z"}
{"level":"info","message":"/user/login","timestamp":"2023-03-31T09:54:52.471Z"}
{"level":"error","message":"404","timestamp":"2023-03-31T09:54:52.616Z"}
{"level":"info","message":"/user/login","timestamp":"2023-03-31T09:55:45.264Z"}
{"level":"error","message":"User not found","timestamp":"2023-03-31T09:55:46.082Z"}
{"level":"info","message":"/user/login","timestamp":"2023-03-31T09:55:59.941Z"}
{"level":"error","message":"User not found!!!","timestamp":"2023-03-31T09:56:00.071Z"}
{"level":"info","message":"/user/login","timestamp":"2023-03-31T09:56:10.084Z"}
{"level":"info","message":"/user/login","timestamp":"2023-03-31T11:12:16.937Z"}
{"level":"error","message":"Unexpected token v in JSON at position 48","timestamp":"2023-03-31T11:12:21.778Z"}
{"level":"error","message":"Unexpected token f in JSON at position 99","timestamp":"2023-03-31T11:12:34.984Z"}
{"level":"error","message":"Unexpected token f in JSON at position 99","timestamp":"2023-03-31T11:12:52.130Z"}
{"level":"error","message":"Unexpected token f in JSON at position 99","timestamp":"2023-03-31T11:12:54.899Z"}
{"level":"error","message":"Unexpected token f in JSON at position 99","timestamp":"2023-03-31T11:13:19.587Z"}
{"level":"error","message":"Unexpected token v in JSON at position 48","timestamp":"2023-03-31T11:13:25.810Z"}
{"level":"info","message":"/user/login","timestamp":"2023-03-31T11:13:43.900Z"}
{"level":"error","message":"User not found!!!","timestamp":"2023-03-31T11:13:44.038Z"}
{"level":"info","message":"/user/login","timestamp":"2023-03-31T11:14:13.181Z"}
{"level":"error","message":"User not found!!!","timestamp":"2023-03-31T11:14:13.314Z"}
{"level":"info","message":"/user/login","timestamp":"2023-03-31T11:15:22.687Z"}
{"level":"error","message":"User not found!!!","timestamp":"2023-03-31T11:15:22.834Z"}
{"level":"info","message":"/user/login","timestamp":"2023-03-31T11:16:35.951Z"}
{"level":"error","message":"User not found!!!","timestamp":"2023-03-31T11:16:36.097Z"}
{"level":"info","message":"/user/login","timestamp":"2023-03-31T11:17:09.392Z"}
{"level":"error","message":"User not found!!!","timestamp":"2023-03-31T11:17:09.536Z"}
{"level":"info","message":"/user/login","timestamp":"2023-03-31T11:19:05.133Z"}
{"level":"error","message":"User not found!!!","timestamp":"2023-03-31T11:19:05.269Z"}
{"level":"info","message":"/user/login","timestamp":"2023-03-31T11:19:13.373Z"}
{"level":"error","message":"User not found!!!","timestamp":"2023-03-31T11:19:13.514Z"}
{"level":"info","message":"/user/login","timestamp":"2023-03-31T11:19:24.463Z"}
{"level":"error","message":"Unexpected token d in JSON at position 50","timestamp":"2023-03-31T11:19:39.736Z"}
{"level":"error","message":"Unexpected token f in JSON at position 99","timestamp":"2023-03-31T11:19:51.784Z"}
{"level":"error","message":"Unexpected end of JSON input","timestamp":"2023-03-31T11:20:01.208Z"}
{"level":"info","message":"/signup","timestamp":"2023-03-31T11:20:22.060Z"}
{"level":"info","message":"/signup","timestamp":"2023-03-31T11:20:25.635Z"}
{"level":"info","message":"/signup","timestamp":"2023-03-31T11:20:31.978Z"}
{"level":"info","message":"/user/signup","timestamp":"2023-03-31T11:20:43.997Z"}
{"level":"info","message":"/user/signup","timestamp":"2023-03-31T11:20:50.225Z"}
{"level":"error","message":"Last name is required","timestamp":"2023-03-31T11:20:50.229Z"}
{"level":"info","message":"/user/signup","timestamp":"2023-03-31T11:21:38.151Z"}
{"level":"info","message":"/user/signup","timestamp":"2023-03-31T11:21:43.505Z"}
{"level":"error","message":"Last name is required","timestamp":"2023-03-31T11:21:43.507Z"}
{"level":"info","message":"/user/signup","timestamp":"2023-03-31T11:22:57.244Z"}
{"level":"error","message":"Last name is required","timestamp":"2023-03-31T11:22:57.249Z"}
{"level":"info","message":"/user/signup","timestamp":"2023-03-31T11:24:35.265Z"}
{"level":"error","message":"Last name is required","timestamp":"2023-03-31T11:24:35.267Z"}
{"level":"info","message":"/user/signup","timestamp":"2023-03-31T11:24:37.659Z"}
{"level":"error","message":"Last name is required","timestamp":"2023-03-31T11:24:37.662Z"}
{"level":"info","message":"/user/signup","timestamp":"2023-03-31T11:24:51.106Z"}
{"level":"error","message":"Last name is required","timestamp":"2023-03-31T11:24:51.112Z"}
{"level":"info","message":"/user/signup","timestamp":"2023-03-31T11:25:33.525Z"}
{"level":"info","message":"/user/signup","timestamp":"2023-03-31T11:26:14.931Z"}
{"level":"error","message":"Please fill all the fields","timestamp":"2023-03-31T11:26:14.934Z"}
{"level":"info","message":"/user/signup","timestamp":"2023-03-31T11:26:28.172Z"}
{"level":"error","message":"Please fill all the fields","timestamp":"2023-03-31T11:26:28.174Z"}
{"level":"error","message":"Unexpected token s in JSON at position 1","timestamp":"2023-03-31T11:28:20.849Z"}
{"level":"info","message":"/blog/user","timestamp":"2023-03-31T11:28:31.813Z"}
{"level":"error","message":"jwt expired","timestamp":"2023-03-31T11:28:31.821Z"}
{"level":"info","message":"/blog/user","timestamp":"2023-03-31T11:28:33.168Z"}
{"level":"error","message":"jwt expired","timestamp":"2023-03-31T11:28:33.170Z"}
{"level":"info","message":"/blog/user","timestamp":"2023-03-31T11:28:33.856Z"}
{"level":"error","message":"jwt expired","timestamp":"2023-03-31T11:28:33.860Z"}
{"level":"info","message":"/blog/user","timestamp":"2023-03-31T12:25:39.942Z"}
{"level":"error","message":"jwt expired","timestamp":"2023-03-31T12:25:39.954Z"}
{"level":"info","message":"/blog/user","timestamp":"2023-03-31T12:25:47.974Z"}
{"level":"error","message":"jwt expired","timestamp":"2023-03-31T12:25:47.980Z"}
{"level":"info","message":"/blog/user","timestamp":"2023-03-31T12:25:48.798Z"}
{"level":"error","message":"jwt expired","timestamp":"2023-03-31T12:25:48.801Z"}
{"level":"info","message":"/blog/user","timestamp":"2023-03-31T12:26:17.565Z"}
{"level":"error","message":"invalid token","timestamp":"2023-03-31T12:26:17.567Z"}
{"level":"info","message":"/blog/user","timestamp":"2023-03-31T12:29:49.912Z"}
{"level":"error","message":"invalid token","timestamp":"2023-03-31T12:29:49.921Z"}
{"level":"info","message":"/blog/user","timestamp":"2023-03-31T12:32:16.353Z"}
{"level":"error","message":"invalid token","timestamp":"2023-03-31T12:32:16.358Z"}
{"level":"info","message":"/blog/user","timestamp":"2023-03-31T12:32:17.217Z"}
{"level":"error","message":"invalid token","timestamp":"2023-03-31T12:32:17.220Z"}
{"level":"info","message":"/blog/user","timestamp":"2023-03-31T12:32:17.838Z"}
{"level":"error","message":"invalid token","timestamp":"2023-03-31T12:32:17.840Z"}
{"level":"info","message":"/blog/user","timestamp":"2023-03-31T12:32:49.285Z"}
{"level":"error","message":"invalid token","timestamp":"2023-03-31T12:32:49.288Z"}
{"level":"info","message":"/blog/user","timestamp":"2023-03-31T12:32:52.394Z"}
{"level":"error","message":"jwt expired","timestamp":"2023-03-31T12:32:52.402Z"}
{"level":"info","message":"/user/login","timestamp":"2023-03-31T12:32:57.745Z"}
{"level":"error","message":"Please fill all the fields","timestamp":"2023-03-31T12:32:57.746Z"}
{"level":"info","message":"/user/login","timestamp":"2023-03-31T12:33:10.457Z"}
{"level":"error","message":"Please fill all the fields","timestamp":"2023-03-31T12:33:10.458Z"}
{"level":"info","message":"/user/signup","timestamp":"2023-03-31T12:33:26.780Z"}
{"level":"error","message":"Please fill all the fields","timestamp":"2023-03-31T12:33:26.781Z"}
{"level":"info","message":"/user/signup","timestamp":"2023-03-31T12:33:41.978Z"}
{"level":"info","message":"/user/login","timestamp":"2023-03-31T12:33:58.200Z"}
{"level":"error","message":"Please fill all the fields","timestamp":"2023-03-31T12:33:58.200Z"}
{"level":"info","message":"/user/login","timestamp":"2023-03-31T12:35:37.300Z"}
{"level":"info","message":"/user/login","timestamp":"2023-03-31T12:37:30.918Z"}
{"level":"error","message":"Unexpected end of JSON input","timestamp":"2023-03-31T12:37:35.673Z"}
{"level":"info","message":"/user/login","timestamp":"2023-03-31T12:37:40.678Z"}
{"level":"info","message":"/blog/publish","timestamp":"2023-03-31T12:37:48.966Z"}
{"level":"info","message":"/blog/publish","timestamp":"2023-03-31T12:37:51.126Z"}
{"level":"info","message":"/blog/publish","timestamp":"2023-03-31T12:37:51.818Z"}
{"level":"info","message":"/blog/publish","timestamp":"2023-03-31T12:37:52.469Z"}
{"level":"info","message":"/blog/publish","timestamp":"2023-03-31T12:37:57.967Z"}
{"level":"info","message":"/blog/publish","timestamp":"2023-03-31T12:44:40.452Z"}
{"level":"info","message":"/blog/publish","timestamp":"2023-03-31T12:45:50.622Z"}
{"level":"info","message":"/blog/publish","timestamp":"2023-03-31T12:45:58.589Z"}
{"level":"info","message":"/blog/publish","timestamp":"2023-03-31T12:46:47.275Z"}
{"level":"info","message":"/blog/create","timestamp":"2023-03-31T12:46:54.738Z"}
{"level":"info","message":"/blog/create","timestamp":"2023-03-31T12:47:06.544Z"}
{"level":"info","message":"/blog/create","timestamp":"2023-03-31T12:47:20.576Z"}
{"level":"info","message":"/blog/create","timestamp":"2023-03-31T12:47:38.248Z"}
{"level":"info","message":"/blog/create","timestamp":"2023-03-31T12:47:41.390Z"}
{"level":"info","message":"/blog/create","timestamp":"2023-03-31T12:48:27.166Z"}
{"level":"info","message":"/blog/create","timestamp":"2023-03-31T12:48:27.876Z"}
{"level":"info","message":"/blog/create","timestamp":"2023-03-31T12:48:45.534Z"}
{"level":"info","message":"/blog/create","timestamp":"2023-03-31T12:48:46.599Z"}
{"level":"error","message":"Unexpected token a in JSON at position 61","timestamp":"2023-03-31T12:49:04.410Z"}
{"level":"info","message":"/blog/create","timestamp":"2023-03-31T12:49:08.522Z"}
{"level":"info","message":"/user/login","timestamp":"2023-03-31T12:49:14.138Z"}
{"level":"info","message":"/user/login","timestamp":"2023-03-31T12:49:33.744Z"}
{"level":"info","message":"/user/logins","timestamp":"2023-03-31T12:49:38.482Z"}
{"level":"info","message":"/user/logins","timestamp":"2023-03-31T12:50:09.422Z"}
{"level":"info","message":"/user/logins","timestamp":"2023-03-31T12:50:16.126Z"}
{"level":"info","message":"/blog/user","timestamp":"2023-03-31T12:50:34.622Z"}
{"level":"error","message":"jwt expired","timestamp":"2023-03-31T12:50:34.633Z"}
{"level":"info","message":"/user/logins","timestamp":"2023-03-31T12:51:12.308Z"}
{"level":"info","message":"/user/logins","timestamp":"2023-03-31T12:52:01.694Z"}
{"level":"info","message":"/user/logins","timestamp":"2023-03-31T12:53:12.209Z"}
{"level":"info","message":"/user/logins","timestamp":"2023-03-31T12:54:15.562Z"}
{"level":"error","message":"Notss Found!","timestamp":"2023-03-31T12:54:15.563Z"}
{"level":"info","message":"/user/logins","timestamp":"2023-03-31T12:54:36.819Z"}
{"level":"info","message":"/user/logins","timestamp":"2023-03-31T12:54:38.152Z"}
{"level":"info","message":"/user/logins","timestamp":"2023-03-31T12:54:58.161Z"}
{"level":"error","message":"Notss Found!","timestamp":"2023-03-31T12:54:58.162Z"}
{"level":"info","message":"/user/logins","timestamp":"2023-03-31T12:55:06.870Z"}
{"level":"error","message":"Notss Found!","timestamp":"2023-03-31T12:55:06.872Z"}
{"level":"error","message":"Unexpected end of JSON input","timestamp":"2023-03-31T12:55:25.623Z"}
{"level":"error","message":"Unexpected end of JSON input","timestamp":"2023-03-31T12:55:30.013Z"}
{"level":"error","message":"Unexpected end of JSON input","timestamp":"2023-03-31T12:55:43.517Z"}
{"level":"error","message":"Unexpected end of JSON input","timestamp":"2023-03-31T12:55:44.165Z"}
{"level":"error","message":"Unexpected end of JSON input","timestamp":"2023-03-31T12:55:51.254Z"}
{"level":"error","message":"Unexpected end of JSON input","timestamp":"2023-03-31T12:56:16.001Z"}
{"level":"error","message":"Unexpected end of JSON input","timestamp":"2023-03-31T12:56:16.633Z"}
{"level":"error","message":"Unexpected end of JSON input","timestamp":"2023-03-31T12:56:18.984Z"}
{"level":"info","message":"/user/logins","timestamp":"2023-03-31T12:56:26.193Z"}
{"level":"error","message":"Notss Found!","timestamp":"2023-03-31T12:56:26.194Z"}
{"level":"info","message":"/user/logins","timestamp":"2023-03-31T12:56:30.925Z"}
{"level":"error","message":"Notss Found!","timestamp":"2023-03-31T12:56:30.925Z"}
{"level":"info","message":"/user/login","timestamp":"2023-03-31T12:56:49.965Z"}
{"level":"info","message":"/user/logins","timestamp":"2023-03-31T12:57:01.768Z"}
{"level":"error","message":"Notss Found!","timestamp":"2023-03-31T12:57:01.768Z"}
{"level":"error","message":"Unexpected end of JSON input","timestamp":"2023-03-31T12:57:17.563Z"}
{"level":"error","message":"Unexpected end of JSON input","timestamp":"2023-03-31T12:57:21.274Z"}
{"level":"info","message":"/user/login","timestamp":"2023-03-31T13:00:06.489Z"}
{"level":"info","message":"/user/logins","timestamp":"2023-03-31T13:00:11.649Z"}
{"level":"error","message":"Notss Found!","timestamp":"2023-03-31T13:00:11.650Z"}
{"level":"error","message":"Unexpected token f in JSON at position 48","timestamp":"2023-03-31T13:00:18.694Z"}
{"level":"error","message":"Unexpected end of JSON input","timestamp":"2023-03-31T13:01:03.165Z"}
{"level":"error","message":"Unexpected end of JSON input","timestamp":"2023-03-31T13:01:06.752Z"}
{"level":"info","message":"/user/login","timestamp":"2023-03-31T13:01:14.108Z"}
{"level":"info","message":"/user/login","timestamp":"2023-03-31T13:01:34.877Z"}
{"level":"info","message":"/user/login","timestamp":"2023-03-31T13:01:38.014Z"}
{"level":"error","message":"Unexpected end of JSON input","timestamp":"2023-03-31T13:02:19.124Z"}
{"level":"error","message":"Unexpected end of JSON input","timestamp":"2023-03-31T13:02:22.262Z"}
{"level":"error","message":"Unexpected end of JSON input","timestamp":"2023-03-31T13:02:54.421Z"}
{"level":"error","message":"Unexpected end of JSON input","timestamp":"2023-03-31T13:02:56.147Z"}
{"level":"error","message":"Unexpected end of JSON input","timestamp":"2023-03-31T13:02:57.011Z"}
{"level":"error","message":"Unexpected end of JSON input","timestamp":"2023-03-31T13:03:23.767Z"}
{"level":"error","message":"Unexpected end of JSON input","timestamp":"2023-03-31T13:03:25.320Z"}
{"level":"error","message":"Unexpected end of JSON input","timestamp":"2023-03-31T13:07:19.560Z"}
{"level":"error","message":"Unexpected end of JSON input","timestamp":"2023-03-31T13:07:25.105Z"}
{"level":"error","message":"Unexpected end of JSON input","timestamp":"2023-03-31T13:07:26.281Z"}
{"level":"error","message":"Unexpected end of JSON input","timestamp":"2023-03-31T13:07:26.920Z"}
{"level":"error","message":"next is not defined","timestamp":"2023-03-31T13:07:31.425Z"}
{"level":"error","message":"next is not defined","timestamp":"2023-03-31T13:07:40.264Z"}
{"level":"info","message":"/user/login","timestamp":"2023-03-31T13:08:03.785Z"}
{"level":"info","message":"/user/logout","timestamp":"2023-03-31T13:37:49.925Z"}
{"level":"info","message":"/user/logout","timestamp":"2023-03-31T13:37:51.880Z"}
{"level":"info","message":"/user/logout","timestamp":"2023-03-31T13:37:52.426Z"}
{"level":"info","message":"/user/logout","timestamp":"2023-03-31T13:37:52.857Z"}
{"level":"info","message":"/user/logout","timestamp":"2023-03-31T13:38:03.505Z"}
{"level":"error","message":"Unexpected token d in JSON at position 0","timestamp":"2023-03-31T13:38:07.113Z"}
{"level":"info","message":"/user/users","timestamp":"2023-03-31T13:39:59.072Z"}
{"level":"error","message":"Unexpected token a in JSON at position 0","timestamp":"2023-03-31T13:40:07.841Z"}
{"level":"info","message":"/user/users","timestamp":"2023-03-31T13:40:11.038Z"}
{"level":"error","message":"Unexpected token d in JSON at position 0","timestamp":"2023-03-31T14:04:19.398Z"}
{"level":"info","message":"/user/logout","timestamp":"2023-03-31T14:04:28.675Z"}
{"level":"info","message":"/user/logout","timestamp":"2023-03-31T14:16:01.352Z"}
{"level":"info","message":"/user/logout","timestamp":"2023-03-31T14:16:24.993Z"}
{"level":"info","message":"/user/logout","timestamp":"2023-03-31T14:16:27.336Z"}
{"level":"info","message":"/user/logout","timestamp":"2023-03-31T14:16:39.916Z"}
{"level":"info","message":"/user/logout","timestamp":"2023-03-31T14:16:41.045Z"}
{"level":"info","message":"/user/logout","timestamp":"2023-03-31T14:19:19.131Z"}
{"level":"info","message":"/user/logout","timestamp":"2023-03-31T14:19:22.991Z"}
{"level":"info","message":"/user/logout","timestamp":"2023-03-31T14:19:59.455Z"}
{"level":"info","message":"/user/logout","timestamp":"2023-03-31T14:20:04.285Z"}
{"level":"info","message":"/user/logout","timestamp":"2023-03-31T14:20:05.395Z"}
{"level":"info","message":"/user/logout","timestamp":"2023-03-31T14:20:45.359Z"}
{"level":"info","message":"/user/logout","timestamp":"2023-03-31T14:20:49.058Z"}
{"level":"info","message":"/user/logout","timestamp":"2023-03-31T14:21:07.628Z"}
{"level":"info","message":"/user/logout","timestamp":"2023-03-31T14:21:16.460Z"}
{"level":"info","message":"/user/logout","timestamp":"2023-03-31T14:21:18.361Z"}
{"level":"info","message":"/user/logout","timestamp":"2023-03-31T14:21:19.944Z"}
{"level":"info","message":"/user/logout","timestamp":"2023-03-31T14:21:34.654Z"}
{"level":"info","message":"/user/logout","timestamp":"2023-03-31T14:21:38.231Z"}
{"level":"info","message":"/user/logout","timestamp":"2023-03-31T14:21:39.441Z"}
{"level":"info","message":"/user/logout","timestamp":"2023-03-31T14:21:40.336Z"}
{"level":"info","message":"/user/logout","timestamp":"2023-03-31T14:22:19.419Z"}
{"level":"info","message":"/user/logout","timestamp":"2023-03-31T14:22:20.614Z"}
{"level":"info","message":"/user/logout","timestamp":"2023-03-31T14:22:28.533Z"}
{"level":"info","message":"/user/logout","timestamp":"2023-03-31T14:22:28.921Z"}
{"level":"info","message":"/user/logout","timestamp":"2023-03-31T14:23:26.585Z"}
{"level":"info","message":"/user/logout","timestamp":"2023-03-31T14:23:51.736Z"}
{"level":"info","message":"/user/logout","timestamp":"2023-03-31T14:24:02.327Z"}
{"level":"info","message":"/user/logout","timestamp":"2023-03-31T14:24:24.914Z"}
{"level":"info","message":"/user/logout","timestamp":"2023-03-31T14:24:25.853Z"}
{"level":"info","message":"/user/logout","timestamp":"2023-03-31T14:24:27.117Z"}
{"level":"info","message":"/user/logout","timestamp":"2023-03-31T14:24:30.541Z"}
{"level":"info","message":"/user/logout","timestamp":"2023-03-31T14:24:41.309Z"}
{"level":"info","message":"/user/logout","timestamp":"2023-03-31T14:24:41.947Z"}
{"level":"info","message":"/user/logout","timestamp":"2023-03-31T14:24:42.579Z"}
{"level":"info","message":"/user/logout","timestamp":"2023-03-31T14:24:44.419Z"}
{"level":"info","message":"/user/logout","timestamp":"2023-03-31T14:24:44.770Z"}
{"level":"info","message":"/user/logout","timestamp":"2023-03-31T14:24:47.032Z"}
{"level":"info","message":"/user/logout","timestamp":"2023-03-31T14:25:59.174Z"}
{"level":"info","message":"/user/logout","timestamp":"2023-03-31T14:26:04.481Z"}
{"level":"info","message":"/user/logout","timestamp":"2023-03-31T14:26:30.404Z"}
{"level":"info","message":"/user/logout","timestamp":"2023-03-31T14:28:10.941Z"}
{"level":"info","message":"/user/logout","timestamp":"2023-03-31T14:30:06.318Z"}
{"level":"info","message":"/user/logout","timestamp":"2023-03-31T14:30:07.280Z"}
{"level":"info","message":"/user/login","timestamp":"2023-03-31T14:43:50.865Z"}
{"level":"info","message":"/user/login","timestamp":"2023-03-31T14:44:00.186Z"}
{"level":"info","message":"/user/login","timestamp":"2023-03-31T14:44:03.831Z"}
{"level":"info","message":"/user/login","timestamp":"2023-03-31T14:44:04.922Z"}
{"level":"info","message":"/user/login","timestamp":"2023-03-31T14:44:31.193Z"}
{"level":"info","message":"/user/login","timestamp":"2023-03-31T14:44:31.676Z"}
{"level":"error","message":"Unexpected token } in JSON at position 29","timestamp":"2023-03-31T14:44:39.180Z"}
{"level":"error","message":"Unexpected token } in JSON at position 29","timestamp":"2023-03-31T14:44:39.987Z"}
{"level":"info","message":"/user/login","timestamp":"2023-03-31T14:46:48.939Z"}
{"level":"error","message":"User not found!!!","timestamp":"2023-03-31T14:46:49.174Z"}
{"level":"info","message":"/user/logout","timestamp":"2023-03-31T14:47:04.617Z"}
{"level":"info","message":"/user/logout","timestamp":"2023-03-31T14:47:05.490Z"}
{"level":"info","message":"/user/logout","timestamp":"2023-03-31T14:47:06.614Z"}
{"level":"info","message":"/user/login","timestamp":"2023-03-31T14:47:30.739Z"}
{"level":"error","message":"User not found!!!","timestamp":"2023-03-31T14:47:31.001Z"}
{"level":"info","message":"/user/login","timestamp":"2023-03-31T14:47:43.035Z"}
{"level":"error","message":"User not found!!!","timestamp":"2023-03-31T14:47:43.283Z"}
{"level":"info","message":"/user/login","timestamp":"2023-03-31T14:48:17.790Z"}
{"level":"error","message":"User not found!!!","timestamp":"2023-03-31T14:48:18.019Z"}
{"level":"info","message":"/user/login","timestamp":"2023-03-31T14:49:14.721Z"}
{"level":"error","message":"User not found!!!","timestamp":"2023-03-31T14:49:14.967Z"}
{"level":"info","message":"/user/login","timestamp":"2023-03-31T14:51:58.150Z"}
{"level":"error","message":"User not found!!!","timestamp":"2023-03-31T14:51:58.386Z"}
{"level":"info","message":"/user/login","timestamp":"2023-03-31T14:52:28.436Z"}
{"level":"error","message":"User not found!!!","timestamp":"2023-03-31T14:52:28.699Z"}
{"level":"info","message":"/user/login","timestamp":"2023-03-31T14:53:16.371Z"}
{"level":"error","message":"User not found!!!","timestamp":"2023-03-31T14:53:16.606Z"}
{"level":"info","message":"/user/login","timestamp":"2023-03-31T14:53:52.267Z"}
{"level":"error","message":"User not found!!!","timestamp":"2023-03-31T14:53:52.496Z"}
{"level":"info","message":"/user/login","timestamp":"2023-03-31T14:55:02.620Z"}
{"level":"info","message":"/user/login","timestamp":"2023-03-31T14:55:21.526Z"}
{"level":"info","message":"/user/login","timestamp":"2023-03-31T14:55:34.867Z"}
{"level":"info","message":"/user/logout","timestamp":"2023-03-31T14:56:04.337Z"}
{"level":"info","message":"/user/logouts","timestamp":"2023-03-31T14:57:04.766Z"}
{"level":"error","message":"NotxFound!","timestamp":"2023-03-31T14:57:04.769Z"}
{"level":"info","message":"/user/logouts","timestamp":"2023-03-31T14:57:06.523Z"}
{"level":"error","message":"NotxFound!","timestamp":"2023-03-31T14:57:06.526Z"}
{"level":"info","message":"/user/logout","timestamp":"2023-03-31T14:57:10.682Z"}
{"level":"info","message":"/user/logout","timestamp":"2023-03-31T14:58:07.174Z"}
{"level":"info","message":"/user/login","timestamp":"2023-03-31T14:58:12.408Z"}
{"level":"info","message":"/user/logout","timestamp":"2023-03-31T15:00:50.013Z"}
{"level":"info","message":"/user/logout","timestamp":"2023-03-31T15:01:03.986Z"}
{"level":"info","message":"/user/logout","timestamp":"2023-03-31T15:02:40.226Z"}
{"level":"info","message":"/user/logout","timestamp":"2023-03-31T15:02:59.463Z"}
{"level":"info","message":"/user/logout","timestamp":"2023-03-31T15:06:29.369Z"}
{"level":"error","message":"User not logged out!!!","timestamp":"2023-03-31T15:06:29.374Z"}
{"level":"info","message":"/user/logout","timestamp":"2023-03-31T15:33:28.313Z"}
{"level":"error","message":"User not logged out!!!","timestamp":"2023-03-31T15:33:28.325Z"}
{"level":"info","message":"/user/logout","timestamp":"2023-03-31T15:34:07.815Z"}
{"level":"info","message":"/user/logout","timestamp":"2023-03-31T15:35:08.395Z"}
{"level":"info","message":"/user/logout","timestamp":"2023-03-31T15:35:19.731Z"}
{"level":"info","message":"/user/logout","timestamp":"2023-03-31T15:35:49.916Z"}
{"level":"error","message":"User not logged out!!!","timestamp":"2023-03-31T15:35:49.922Z"}
{"level":"info","message":"/user/login","timestamp":"2023-03-31T15:40:06.678Z"}
{"level":"info","message":"/user/login","timestamp":"2023-03-31T15:40:18.938Z"}
{"level":"info","message":"/user/login","timestamp":"2023-03-31T15:42:23.686Z"}
{"level":"info","message":"/user/login","timestamp":"2023-03-31T15:42:56.266Z"}
{"level":"info","message":"/user/login","timestamp":"2023-03-31T15:43:16.925Z"}
{"level":"info","message":"/user/login","timestamp":"2023-03-31T15:43:21.453Z"}
{"level":"info","message":"/user/login","timestamp":"2023-03-31T15:43:49.253Z"}
{"level":"info","message":"/user/login","timestamp":"2023-03-31T15:43:54.556Z"}
{"level":"info","message":"/user/login","timestamp":"2023-03-31T15:44:48.844Z"}
{"level":"info","message":"/user/login","timestamp":"2023-03-31T15:44:53.429Z"}
{"level":"info","message":"/user/login","timestamp":"2023-03-31T15:45:09.625Z"}
{"level":"info","message":"/user/login","timestamp":"2023-03-31T15:45:47.473Z"}
{"level":"error","message":"User not found!!!","timestamp":"2023-03-31T15:45:48.370Z"}
{"level":"info","message":"/user/login","timestamp":"2023-03-31T15:47:37.755Z"}
{"level":"error","message":"User not found!!!","timestamp":"2023-03-31T15:47:38.757Z"}
{"level":"info","message":"/user/login","timestamp":"2023-03-31T15:48:40.073Z"}
{"level":"error","message":"User not found!!!","timestamp":"2023-03-31T15:48:40.278Z"}
{"level":"info","message":"/user/login","timestamp":"2023-03-31T15:48:57.933Z"}
{"level":"error","message":"User not found!!!","timestamp":"2023-03-31T15:48:58.175Z"}
{"level":"info","message":"/user/login","timestamp":"2023-03-31T15:49:14.524Z"}
{"level":"info","message":"/user/login","timestamp":"2023-03-31T15:50:35.252Z"}
{"level":"info","message":"/user/login","timestamp":"2023-03-31T15:50:40.303Z"}
{"level":"info","message":"/user/login","timestamp":"2023-03-31T15:51:42.298Z"}
{"level":"info","message":"/user/login","timestamp":"2023-03-31T15:51:50.656Z"}
{"level":"info","message":"/user/login","timestamp":"2023-03-31T15:51:55.599Z"}
{"level":"info","message":"/user/login","timestamp":"2023-03-31T15:52:30.302Z"}
{"level":"info","message":"/user/login","timestamp":"2023-03-31T15:52:58.035Z"}
{"level":"info","message":"/user/login","timestamp":"2023-03-31T15:54:06.441Z"}
{"level":"error","message":"Please fill all the fieldssds","timestamp":"2023-03-31T15:54:06.442Z"}
{"level":"info","message":"/user/login","timestamp":"2023-03-31T15:54:08.895Z"}
{"level":"error","message":"Please fill all the fieldssds","timestamp":"2023-03-31T15:54:08.896Z"}
{"level":"info","message":"/user/login","timestamp":"2023-03-31T15:54:10.054Z"}
{"level":"error","message":"Please fill all the fieldssds","timestamp":"2023-03-31T15:54:10.055Z"}
{"level":"info","message":"/user/login","timestamp":"2023-03-31T15:54:10.595Z"}
{"level":"error","message":"Please fill all the fieldssds","timestamp":"2023-03-31T15:54:10.595Z"}
{"level":"info","message":"/user/login","timestamp":"2023-03-31T15:54:11.084Z"}
{"level":"error","message":"Please fill all the fieldssds","timestamp":"2023-03-31T15:54:11.085Z"}
{"level":"info","message":"/user/login","timestamp":"2023-03-31T15:54:18.611Z"}
{"level":"info","message":"/user/login","timestamp":"2023-03-31T15:55:39.155Z"}
