{"level":"error","message":"Password is required","timestamp":"2023-03-31T08:58:05.840Z"}
{"level":"error","message":"Password is required","timestamp":"2023-03-31T08:58:36.803Z"}
{"level":"error","message":"Unexpected token a in JSON at position 53","timestamp":"2023-03-31T09:01:04.788Z"}
{"level":"error","message":"Unexpected token s in JSON at position 28","timestamp":"2023-03-31T09:06:15.778Z"}
{"level":"error","message":"Unexpected token c in JSON at position 50","timestamp":"2023-03-31T09:07:05.031Z"}
{"level":"error","message":"Unexpected token v in JSON at position 50","timestamp":"2023-03-31T09:17:17.300Z"}
{"level":"error","message":"Unexpected token v in JSON at position 50","timestamp":"2023-03-31T09:19:19.892Z"}
{"level":"error","message":"Unexpected token v in JSON at position 50","timestamp":"2023-03-31T09:19:37.813Z"}
{"level":"error","message":"Unexpected token v in JSON at position 50","timestamp":"2023-03-31T09:20:26.335Z"}
{"level":"error","message":"Unexpected token v in JSON at position 50","timestamp":"2023-03-31T09:20:45.769Z"}
{"level":"error","message":"Unexpected token v in JSON at position 50","timestamp":"2023-03-31T09:21:16.863Z"}
{"level":"error","message":"Unexpected token v in JSON at position 50","timestamp":"2023-03-31T09:22:29.484Z"}
{"level":"error","message":"Not Founded","timestamp":"2023-03-31T09:22:35.512Z"}
{"level":"error","message":"Not Founded","timestamp":"2023-03-31T09:22:48.994Z"}
{"level":"error","message":"Not Founded","timestamp":"2023-03-31T09:27:22.569Z"}
{"level":"error","message":"Not Founded","timestamp":"2023-03-31T09:28:52.131Z"}
{"level":"error","message":"Not Founded","timestamp":"2023-03-31T09:29:26.977Z"}
{"level":"error","message":"Not Founded","timestamp":"2023-03-31T09:29:42.926Z"}
{"level":"error","message":"Not Founded","timestamp":"2023-03-31T09:31:24.908Z"}
{"level":"error","message":"Unexpected token f in JSON at position 28","timestamp":"2023-03-31T09:31:41.235Z"}
{"level":"error","message":"Unexpected token f in JSON at position 28","timestamp":"2023-03-31T09:31:53.550Z"}
{"level":"error","message":"Not Founded","timestamp":"2023-03-31T09:31:57.786Z"}
{"level":"error","message":"Password is required","timestamp":"2023-03-31T09:32:04.983Z"}
{"level":"error","message":"Password is required","timestamp":"2023-03-31T09:32:45.863Z"}
{"level":"error","message":"Password is required","timestamp":"2023-03-31T09:33:00.533Z"}
{"level":"error","message":"User not found","timestamp":"2023-03-31T09:33:11.150Z"}
{"level":"error","message":"Not Founded","timestamp":"2023-03-31T09:33:31.710Z"}
{"level":"error","message":"Not Founded","timestamp":"2023-03-31T09:34:13.276Z"}
{"level":"error","message":"User not found","timestamp":"2023-03-31T09:34:29.748Z"}
{"level":"error","message":"Unexpected token } in JSON at position 50","timestamp":"2023-03-31T09:34:53.254Z"}
{"level":"error","message":"Not Founded","timestamp":"2023-03-31T09:36:00.445Z"}
{"level":"error","message":"Not Founded","timestamp":"2023-03-31T09:36:18.835Z"}
{"level":"error","message":"Not Founded","timestamp":"2023-03-31T09:36:19.706Z"}
{"level":"error","message":"Not Founded","timestamp":"2023-03-31T09:37:31.418Z"}
{"level":"error","message":"Not Found","timestamp":"2023-03-31T09:40:34.586Z"}
{"level":"error","message":"Not Found","timestamp":"2023-03-31T09:40:43.139Z"}
{"level":"error","message":"Not Found!","timestamp":"2023-03-31T09:40:46.721Z"}
{"level":"error","message":"Unexpected number in JSON at position 48","timestamp":"2023-03-31T09:40:50.926Z"}
{"level":"error","message":"Not Found!","timestamp":"2023-03-31T09:40:54.599Z"}
{"level":"error","message":"Not Found!","timestamp":"2023-03-31T09:41:10.439Z"}
{"level":"error","message":"Not Found!","timestamp":"2023-03-31T09:41:11.461Z"}
{"level":"error","message":"Not Found!","timestamp":"2023-03-31T09:41:23.183Z"}
{"level":"error","message":"Unexpected token d in JSON at position 50","timestamp":"2023-03-31T09:41:30.735Z"}
{"level":"error","message":"Not Found!","timestamp":"2023-03-31T09:41:34.755Z"}
{"level":"error","message":"Not Found!","timestamp":"2023-03-31T09:42:13.696Z"}
{"level":"error","message":"Not Found!","timestamp":"2023-03-31T09:42:15.842Z"}
{"level":"error","message":"Not Found!","timestamp":"2023-03-31T09:42:44.753Z"}
{"level":"error","message":"Not Found!","timestamp":"2023-03-31T09:49:08.200Z"}
{"level":"error","message":"Notss Found!","timestamp":"2023-03-31T09:49:34.367Z"}
{"level":"error","message":"404","timestamp":"2023-03-31T09:51:22.434Z"}
{"level":"error","message":"404","timestamp":"2023-03-31T09:51:34.789Z"}
{"level":"error","message":"404","timestamp":"2023-03-31T09:54:16.968Z"}
{"level":"error","message":"404","timestamp":"2023-03-31T09:54:52.615Z"}
{"level":"error","message":"User not found","timestamp":"2023-03-31T09:55:46.082Z"}
{"level":"error","message":"User not found!!!","timestamp":"2023-03-31T09:56:00.071Z"}
{"level":"error","message":"Unexpected token v in JSON at position 48","timestamp":"2023-03-31T11:12:21.777Z"}
{"level":"error","message":"Unexpected token f in JSON at position 99","timestamp":"2023-03-31T11:12:34.983Z"}
{"level":"error","message":"Unexpected token f in JSON at position 99","timestamp":"2023-03-31T11:12:52.129Z"}
{"level":"error","message":"Unexpected token f in JSON at position 99","timestamp":"2023-03-31T11:12:54.898Z"}
{"level":"error","message":"Unexpected token f in JSON at position 99","timestamp":"2023-03-31T11:13:19.586Z"}
{"level":"error","message":"Unexpected token v in JSON at position 48","timestamp":"2023-03-31T11:13:25.810Z"}
{"level":"error","message":"User not found!!!","timestamp":"2023-03-31T11:13:44.037Z"}
{"level":"error","message":"User not found!!!","timestamp":"2023-03-31T11:14:13.314Z"}
{"level":"error","message":"User not found!!!","timestamp":"2023-03-31T11:15:22.834Z"}
{"level":"error","message":"User not found!!!","timestamp":"2023-03-31T11:16:36.097Z"}
{"level":"error","message":"User not found!!!","timestamp":"2023-03-31T11:17:09.536Z"}
{"level":"error","message":"User not found!!!","timestamp":"2023-03-31T11:19:05.268Z"}
{"level":"error","message":"User not found!!!","timestamp":"2023-03-31T11:19:13.513Z"}
{"level":"error","message":"Unexpected token d in JSON at position 50","timestamp":"2023-03-31T11:19:39.736Z"}
{"level":"error","message":"Unexpected token f in JSON at position 99","timestamp":"2023-03-31T11:19:51.784Z"}
{"level":"error","message":"Unexpected end of JSON input","timestamp":"2023-03-31T11:20:01.207Z"}
{"level":"error","message":"Last name is required","timestamp":"2023-03-31T11:20:50.229Z"}
{"level":"error","message":"Last name is required","timestamp":"2023-03-31T11:21:43.507Z"}
{"level":"error","message":"Last name is required","timestamp":"2023-03-31T11:22:57.249Z"}
{"level":"error","message":"Last name is required","timestamp":"2023-03-31T11:24:35.267Z"}
{"level":"error","message":"Last name is required","timestamp":"2023-03-31T11:24:37.661Z"}
{"level":"error","message":"Last name is required","timestamp":"2023-03-31T11:24:51.112Z"}
{"level":"error","message":"Please fill all the fields","timestamp":"2023-03-31T11:26:14.933Z"}
{"level":"error","message":"Please fill all the fields","timestamp":"2023-03-31T11:26:28.174Z"}
{"level":"error","message":"Unexpected token s in JSON at position 1","timestamp":"2023-03-31T11:28:20.848Z"}
{"level":"error","message":"jwt expired","timestamp":"2023-03-31T11:28:31.821Z"}
{"level":"error","message":"jwt expired","timestamp":"2023-03-31T11:28:33.170Z"}
{"level":"error","message":"jwt expired","timestamp":"2023-03-31T11:28:33.860Z"}
{"level":"error","message":"jwt expired","timestamp":"2023-03-31T12:25:39.954Z"}
{"level":"error","message":"jwt expired","timestamp":"2023-03-31T12:25:47.980Z"}
{"level":"error","message":"jwt expired","timestamp":"2023-03-31T12:25:48.801Z"}
{"level":"error","message":"invalid token","timestamp":"2023-03-31T12:26:17.566Z"}
{"level":"error","message":"invalid token","timestamp":"2023-03-31T12:29:49.921Z"}
{"level":"error","message":"invalid token","timestamp":"2023-03-31T12:32:16.357Z"}
{"level":"error","message":"invalid token","timestamp":"2023-03-31T12:32:17.219Z"}
{"level":"error","message":"invalid token","timestamp":"2023-03-31T12:32:17.840Z"}
{"level":"error","message":"invalid token","timestamp":"2023-03-31T12:32:49.287Z"}
{"level":"error","message":"jwt expired","timestamp":"2023-03-31T12:32:52.402Z"}
{"level":"error","message":"Please fill all the fields","timestamp":"2023-03-31T12:32:57.746Z"}
{"level":"error","message":"Please fill all the fields","timestamp":"2023-03-31T12:33:10.458Z"}
{"level":"error","message":"Please fill all the fields","timestamp":"2023-03-31T12:33:26.781Z"}
{"level":"error","message":"Please fill all the fields","timestamp":"2023-03-31T12:33:58.200Z"}
{"level":"error","message":"Unexpected end of JSON input","timestamp":"2023-03-31T12:37:35.673Z"}
{"level":"error","message":"Unexpected token a in JSON at position 61","timestamp":"2023-03-31T12:49:04.410Z"}
{"level":"error","message":"jwt expired","timestamp":"2023-03-31T12:50:34.633Z"}
{"level":"error","message":"Notss Found!","timestamp":"2023-03-31T12:54:15.563Z"}
{"level":"error","message":"Notss Found!","timestamp":"2023-03-31T12:54:58.162Z"}
{"level":"error","message":"Notss Found!","timestamp":"2023-03-31T12:55:06.871Z"}
{"level":"error","message":"Unexpected end of JSON input","timestamp":"2023-03-31T12:55:25.623Z"}
{"level":"error","message":"Unexpected end of JSON input","timestamp":"2023-03-31T12:55:30.012Z"}
{"level":"error","message":"Unexpected end of JSON input","timestamp":"2023-03-31T12:55:43.516Z"}
{"level":"error","message":"Unexpected end of JSON input","timestamp":"2023-03-31T12:55:44.165Z"}
{"level":"error","message":"Unexpected end of JSON input","timestamp":"2023-03-31T12:55:51.254Z"}
{"level":"error","message":"Unexpected end of JSON input","timestamp":"2023-03-31T12:56:16.001Z"}
{"level":"error","message":"Unexpected end of JSON input","timestamp":"2023-03-31T12:56:16.633Z"}
{"level":"error","message":"Unexpected end of JSON input","timestamp":"2023-03-31T12:56:18.983Z"}
{"level":"error","message":"Notss Found!","timestamp":"2023-03-31T12:56:26.193Z"}
{"level":"error","message":"Notss Found!","timestamp":"2023-03-31T12:56:30.925Z"}
{"level":"error","message":"Notss Found!","timestamp":"2023-03-31T12:57:01.768Z"}
{"level":"error","message":"Unexpected end of JSON input","timestamp":"2023-03-31T12:57:17.562Z"}
{"level":"error","message":"Unexpected end of JSON input","timestamp":"2023-03-31T12:57:21.274Z"}
{"level":"error","message":"Notss Found!","timestamp":"2023-03-31T13:00:11.650Z"}
{"level":"error","message":"Unexpected token f in JSON at position 48","timestamp":"2023-03-31T13:00:18.693Z"}
{"level":"error","message":"Unexpected end of JSON input","timestamp":"2023-03-31T13:01:03.164Z"}
{"level":"error","message":"Unexpected end of JSON input","timestamp":"2023-03-31T13:01:06.751Z"}
{"level":"error","message":"Unexpected end of JSON input","timestamp":"2023-03-31T13:02:19.123Z"}
{"level":"error","message":"Unexpected end of JSON input","timestamp":"2023-03-31T13:02:22.262Z"}
{"level":"error","message":"Unexpected end of JSON input","timestamp":"2023-03-31T13:02:54.421Z"}
{"level":"error","message":"Unexpected end of JSON input","timestamp":"2023-03-31T13:02:56.147Z"}
{"level":"error","message":"Unexpected end of JSON input","timestamp":"2023-03-31T13:02:57.011Z"}
{"level":"error","message":"Unexpected end of JSON input","timestamp":"2023-03-31T13:03:23.766Z"}
{"level":"error","message":"Unexpected end of JSON input","timestamp":"2023-03-31T13:03:25.320Z"}
{"level":"error","message":"Unexpected end of JSON input","timestamp":"2023-03-31T13:07:19.559Z"}
{"level":"error","message":"Unexpected end of JSON input","timestamp":"2023-03-31T13:07:25.105Z"}
{"level":"error","message":"Unexpected end of JSON input","timestamp":"2023-03-31T13:07:26.281Z"}
{"level":"error","message":"Unexpected end of JSON input","timestamp":"2023-03-31T13:07:26.920Z"}
{"level":"error","message":"next is not defined","timestamp":"2023-03-31T13:07:31.425Z"}
{"level":"error","message":"next is not defined","timestamp":"2023-03-31T13:07:40.263Z"}
{"level":"error","message":"Unexpected token d in JSON at position 0","timestamp":"2023-03-31T13:38:07.113Z"}
{"level":"error","message":"Unexpected token a in JSON at position 0","timestamp":"2023-03-31T13:40:07.841Z"}
{"level":"error","message":"Unexpected token d in JSON at position 0","timestamp":"2023-03-31T14:04:19.397Z"}
{"level":"error","message":"Unexpected token } in JSON at position 29","timestamp":"2023-03-31T14:44:39.180Z"}
{"level":"error","message":"Unexpected token } in JSON at position 29","timestamp":"2023-03-31T14:44:39.987Z"}
{"level":"error","message":"User not found!!!","timestamp":"2023-03-31T14:46:49.174Z"}
{"level":"error","message":"User not found!!!","timestamp":"2023-03-31T14:47:31.001Z"}
{"level":"error","message":"User not found!!!","timestamp":"2023-03-31T14:47:43.283Z"}
{"level":"error","message":"User not found!!!","timestamp":"2023-03-31T14:48:18.019Z"}
{"level":"error","message":"User not found!!!","timestamp":"2023-03-31T14:49:14.967Z"}
{"level":"error","message":"User not found!!!","timestamp":"2023-03-31T14:51:58.386Z"}
{"level":"error","message":"User not found!!!","timestamp":"2023-03-31T14:52:28.699Z"}
{"level":"error","message":"User not found!!!","timestamp":"2023-03-31T14:53:16.606Z"}
{"level":"error","message":"User not found!!!","timestamp":"2023-03-31T14:53:52.496Z"}
{"level":"error","message":"Please fill all the fields","timestamp":"2023-03-31T14:55:02.621Z"}
{"level":"error","message":"Please fill all the fieldssds","timestamp":"2023-03-31T14:55:21.527Z"}
{"level":"error","message":"NotxFound!","timestamp":"2023-03-31T14:57:04.769Z"}
{"level":"error","message":"NotxFound!","timestamp":"2023-03-31T14:57:06.525Z"}
{"level":"error","message":"Please fill all the fieldssds","timestamp":"2023-03-31T14:58:12.409Z"}
{"level":"error","message":"User not logged out!!!","timestamp":"2023-03-31T15:06:29.374Z"}
{"level":"error","message":"User not logged out!!!","timestamp":"2023-03-31T15:33:28.324Z"}
{"level":"error","message":"User not logged out!!!","timestamp":"2023-03-31T15:35:49.922Z"}
{"level":"error","message":"User not found!!!","timestamp":"2023-03-31T15:45:48.370Z"}
{"level":"error","message":"User not found!!!","timestamp":"2023-03-31T15:47:38.757Z"}
{"level":"error","message":"User not found!!!","timestamp":"2023-03-31T15:48:40.278Z"}
{"level":"error","message":"User not found!!!","timestamp":"2023-03-31T15:48:58.175Z"}
{"level":"error","message":"Please fill all the fieldssds","timestamp":"2023-03-31T15:51:50.658Z"}
{"level":"error","message":"Please fill all the fieldssds","timestamp":"2023-03-31T15:51:55.601Z"}
{"level":"error","message":"Please fill all the fieldssds","timestamp":"2023-03-31T15:52:30.305Z"}
{"level":"error","message":"Please fill all the fieldssds","timestamp":"2023-03-31T15:54:06.442Z"}
{"level":"error","message":"Please fill all the fieldssds","timestamp":"2023-03-31T15:54:08.896Z"}
{"level":"error","message":"Please fill all the fieldssds","timestamp":"2023-03-31T15:54:10.055Z"}
{"level":"error","message":"Please fill all the fieldssds","timestamp":"2023-03-31T15:54:10.595Z"}
{"level":"error","message":"Please fill all the fieldssds","timestamp":"2023-03-31T15:54:11.084Z"}
